

***********************************************************************
Fatal NI connect error 12545, connecting to:
 (DESCRIPTION=(ADDRESS=(PROTOCOL=TCP)(HOST=oracle2-vip)(PORT=1521))(LOAD_BALANCE=yes)(FAILOVER=yes)(CONNECT_DATA=(SERVICE_NAME=HEXA)(FAILOVER_MODE=(TYPE=SELECT)(METHOD=BASIC)(RETRIES=300)(DELAY=2))(CID=(PROGRAM=apache2)(HOST=intranet)(USER=www-data))))

  VERSION INFORMATION:
	TNS for Linux: Version 10.2.0.1.0 - Production
	TCP/IP NT Protocol Adapter for Linux: Version 10.2.0.1.0 - Production
  Time: 26-JUN-2012 08:07:47
  Tracing not turned on.
  Tns error struct:
    ns main err code: 12545
    TNS-12545: Connect failed because target host or object does not exist
    ns secondary err code: 12560
    nt main err code: 515
    TNS-00515: Connect failed because target host or object does not exist
    nt secondary err code: 11


***********************************************************************
Fatal NI connect error 12545, connecting to:
 (DESCRIPTION=(ADDRESS=(PROTOCOL=TCP)(HOST=oracle2-vip)(PORT=1521))(LOAD_BALANCE=yes)(FAILOVER=yes)(CONNECT_DATA=(SERVICE_NAME=HEXA)(FAILOVER_MODE=(TYPE=SELECT)(METHOD=BASIC)(RETRIES=300)(DELAY=2))(CID=(PROGRAM=apache2)(HOST=intranet)(USER=www-data))))

  VERSION INFORMATION:
	TNS for Linux: Version 10.2.0.1.0 - Production
	TCP/IP NT Protocol Adapter for Linux: Version 10.2.0.1.0 - Production
  Time: 26-JUN-2012 08:08:05
  Tracing not turned on.
  Tns error struct:
    ns main err code: 12545
    TNS-12545: Connect failed because target host or object does not exist
    ns secondary err code: 12560
    nt main err code: 515
    TNS-00515: Connect failed because target host or object does not exist
    nt secondary err code: 0
    nt OS err code: 0


***********************************************************************
Fatal NI connect error 12545, connecting to:
 (DESCRIPTION=(ADDRESS=(PROTOCOL=TCP)(HOST=oracle1-vip)(PORT=1521))(LOAD_BALANCE=yes)(FAILOVER=yes)(CONNECT_DATA=(SERVICE_NAME=HEXA)(FAILOVER_MODE=(TYPE=SELECT)(METHOD=BASIC)(RETRIES=300)(DELAY=2))(CID=(PROGRAM=apache2)(HOST=intranet)(USER=www-data))))

  VERSION INFORMATION:
	TNS for Linux: Version 10.2.0.1.0 - Production
	TCP/IP NT Protocol Adapter for Linux: Version 10.2.0.1.0 - Production
  Time: 26-JUN-2012 08:08:09
  Tracing not turned on.
  Tns error struct:
    ns main err code: 12545
    TNS-12545: Connect failed because target host or object does not exist
    ns secondary err code: 12560
    nt main err code: 515
    TNS-00515: Connect failed because target host or object does not exist
    nt secondary err code: 0
    nt OS err code: 0


***********************************************************************
Fatal NI connect error 12545, connecting to:
 (DESCRIPTION=(ADDRESS=(PROTOCOL=TCP)(HOST=oracle2-vip)(PORT=1521))(LOAD_BALANCE=yes)(FAILOVER=yes)(CONNECT_DATA=(SERVICE_NAME=HEXA)(FAILOVER_MODE=(TYPE=SELECT)(METHOD=BASIC)(RETRIES=300)(DELAY=2))(CID=(PROGRAM=apache2)(HOST=intranet)(USER=www-data))))

  VERSION INFORMATION:
	TNS for Linux: Version 10.2.0.1.0 - Production
	TCP/IP NT Protocol Adapter for Linux: Version 10.2.0.1.0 - Production
  Time: 26-JUN-2012 08:08:11
  Tracing not turned on.
  Tns error struct:
    ns main err code: 12545
    TNS-12545: Connect failed because target host or object does not exist
    ns secondary err code: 12560
    nt main err code: 515
    TNS-00515: Connect failed because target host or object does not exist
    nt secondary err code: 0


***********************************************************************
Fatal NI connect error 12545, connecting to:
 (DESCRIPTION=(ADDRESS=(PROTOCOL=TCP)(HOST=oracle2-vip)(PORT=1521))(LOAD_BALANCE=yes)(FAILOVER=yes)(CONNECT_DATA=(SERVICE_NAME=HEXA)(FAILOVER_MODE=(TYPE=SELECT)(METHOD=BASIC)(RETRIES=300)(DELAY=2))(CID=(PROGRAM=apache2)(HOST=intranet)(USER=www-data))))

  VERSION INFORMATION:
	TNS for Linux: Version 10.2.0.1.0 - Production
	TCP/IP NT Protocol Adapter for Linux: Version 10.2.0.1.0 - Production
  Time: 26-JUN-2012 08:08:15
  Tracing not turned on.
  Tns error struct:
    ns main err code: 12545
    TNS-12545: Connect failed because target host or object does not exist
    ns secondary err code: 12560
    nt main err code: 515
    TNS-00515: Connect failed because target host or object does not exist
    nt secondary err code: 0
    nt OS err code: 0


***********************************************************************
Fatal NI connect error 12545, connecting to:
 (DESCRIPTION=(ADDRESS=(PROTOCOL=TCP)(HOST=oracle1-vip)(PORT=1521))(LOAD_BALANCE=yes)(FAILOVER=yes)(CONNECT_DATA=(SERVICE_NAME=HEXA)(FAILOVER_MODE=(TYPE=SELECT)(METHOD=BASIC)(RETRIES=300)(DELAY=2))(CID=(PROGRAM=apache2)(HOST=intranet)(USER=www-data))))

  VERSION INFORMATION:
	TNS for Linux: Version 10.2.0.1.0 - Production
	TCP/IP NT Protocol Adapter for Linux: Version 10.2.0.1.0 - Production
  Time: 26-JUN-2012 08:08:17
  Tracing not turned on.
  Tns error struct:
    ns main err code: 12545
    TNS-12545: Connect failed because target host or object does not exist
    ns secondary err code: 12560
    nt main err code: 515
    TNS-00515: Connect failed because target host or object does not exist
    nt secondary err code: 0
    nt OS err code: 0


***********************************************************************
Fatal NI connect error 12545, connecting to:
 (DESCRIPTION=(ADDRESS=(PROTOCOL=TCP)(HOST=oracle2-vip)(PORT=1521))(LOAD_BALANCE=yes)(FAILOVER=yes)(CONNECT_DATA=(SERVICE_NAME=HEXA)(FAILOVER_MODE=(TYPE=SELECT)(METHOD=BASIC)(RETRIES=300)(DELAY=2))(CID=(PROGRAM=apache2)(HOST=intranet)(USER=www-data))))

  VERSION INFORMATION:
	TNS for Linux: Version 10.2.0.1.0 - Production
	TCP/IP NT Protocol Adapter for Linux: Version 10.2.0.1.0 - Production
  Time: 26-JUN-2012 08:08:21
  Tracing not turned on.
  Tns error struct:
    ns main err code: 12545
    TNS-12545: Connect failed because target host or object does not exist
    ns secondary err code: 12560
    nt main err code: 515
    TNS-00515: Connect failed because target host or object does not exist
    nt secondary err code: 0


***********************************************************************
Fatal NI connect error 12545, connecting to:
 (DESCRIPTION=(ADDRESS=(PROTOCOL=TCP)(HOST=oracle2-vip)(PORT=1521))(LOAD_BALANCE=yes)(FAILOVER=yes)(CONNECT_DATA=(SERVICE_NAME=HEXA)(FAILOVER_MODE=(TYPE=SELECT)(METHOD=BASIC)(RETRIES=300)(DELAY=2))(CID=(PROGRAM=apache2)(HOST=intranet)(USER=www-data))))

  VERSION INFORMATION:
	TNS for Linux: Version 10.2.0.1.0 - Production
	TCP/IP NT Protocol Adapter for Linux: Version 10.2.0.1.0 - Production
  Time: 26-JUN-2012 08:08:25
  Tracing not turned on.
  Tns error struct:
    ns main err code: 12545
    TNS-12545: Connect failed because target host or object does not exist
    ns secondary err code: 12560
    nt main err code: 515
    TNS-00515: Connect failed because target host or object does not exist
    nt secondary err code: 0
    nt OS err code: 0


***********************************************************************
Fatal NI connect error 12545, connecting to:
 (DESCRIPTION=(ADDRESS=(PROTOCOL=TCP)(HOST=oracle1-vip)(PORT=1521))(LOAD_BALANCE=yes)(FAILOVER=yes)(CONNECT_DATA=(SERVICE_NAME=HEXA)(FAILOVER_MODE=(TYPE=SELECT)(METHOD=BASIC)(RETRIES=300)(DELAY=2))(CID=(PROGRAM=apache2)(HOST=intranet)(USER=www-data))))

  VERSION INFORMATION:
	TNS for Linux: Version 10.2.0.1.0 - Production
	TCP/IP NT Protocol Adapter for Linux: Version 10.2.0.1.0 - Production
  Time: 26-JUN-2012 08:08:31
  Tracing not turned on.
  Tns error struct:
    ns main err code: 12545
    TNS-12545: Connect failed because target host or object does not exist
    ns secondary err code: 12560
    nt main err code: 515
    TNS-00515: Connect failed because target host or object does not exist
    nt secondary err code: 0
    nt OS err code: 0


***********************************************************************
Fatal NI connect error 12545, connecting to:
 (DESCRIPTION=(ADDRESS=(PROTOCOL=TCP)(HOST=oracle2-vip)(PORT=1521))(LOAD_BALANCE=yes)(FAILOVER=yes)(CONNECT_DATA=(SERVICE_NAME=HEXA)(FAILOVER_MODE=(TYPE=SELECT)(METHOD=BASIC)(RETRIES=300)(DELAY=2))(CID=(PROGRAM=apache2)(HOST=intranet)(USER=www-data))))

  VERSION INFORMATION:
	TNS for Linux: Version 10.2.0.1.0 - Production
	TCP/IP NT Protocol Adapter for Linux: Version 10.2.0.1.0 - Production
  Time: 26-JUN-2012 08:08:45
  Tracing not turned on.
  Tns error struct:
    ns main err code: 12545
    TNS-12545: Connect failed because target host or object does not exist
    ns secondary err code: 12560
    nt main err code: 515
    TNS-00515: Connect failed because target host or object does not exist
    nt secondary err code: 0


***********************************************************************
Fatal NI connect error 12545, connecting to:
 (DESCRIPTION=(ADDRESS=(PROTOCOL=TCP)(HOST=oracle1-vip)(PORT=1521))(LOAD_BALANCE=yes)(FAILOVER=yes)(CONNECT_DATA=(SERVICE_NAME=HEXA)(FAILOVER_MODE=(TYPE=SELECT)(METHOD=BASIC)(RETRIES=300)(DELAY=2))(CID=(PROGRAM=apache2)(HOST=intranet)(USER=www-data))))

  VERSION INFORMATION:
	TNS for Linux: Version 10.2.0.1.0 - Production
	TCP/IP NT Protocol Adapter for Linux: Version 10.2.0.1.0 - Production
  Time: 26-JUN-2012 08:08:45
  Tracing not turned on.
  Tns error struct:
    ns main err code: 12545
    TNS-12545: Connect failed because target host or object does not exist
    ns secondary err code: 12560
    nt main err code: 515
    TNS-00515: Connect failed because target host or object does not exist
    nt secondary err code: 0
    nt OS err code: 0


***********************************************************************
Fatal NI connect error 12545, connecting to:
 (DESCRIPTION=(ADDRESS=(PROTOCOL=TCP)(HOST=oracle1-vip)(PORT=1521))(LOAD_BALANCE=yes)(FAILOVER=yes)(CONNECT_DATA=(SERVICE_NAME=HEXA)(FAILOVER_MODE=(TYPE=SELECT)(METHOD=BASIC)(RETRIES=300)(DELAY=2))(CID=(PROGRAM=apache2)(HOST=intranet)(USER=www-data))))

  VERSION INFORMATION:
	TNS for Linux: Version 10.2.0.1.0 - Production
	TCP/IP NT Protocol Adapter for Linux: Version 10.2.0.1.0 - Production
  Time: 26-JUN-2012 08:08:51
  Tracing not turned on.
  Tns error struct:
    ns main err code: 12545
    TNS-12545: Connect failed because target host or object does not exist
    ns secondary err code: 12560
    nt main err code: 515
    TNS-00515: Connect failed because target host or object does not exist
    nt secondary err code: 0
    nt OS err code: 0


***********************************************************************
Fatal NI connect error 12545, connecting to:
 (DESCRIPTION=(ADDRESS=(PROTOCOL=TCP)(HOST=oracle2-vip)(PORT=1521))(LOAD_BALANCE=yes)(FAILOVER=yes)(CONNECT_DATA=(SERVICE_NAME=HEXA)(FAILOVER_MODE=(TYPE=SELECT)(METHOD=BASIC)(RETRIES=300)(DELAY=2))(CID=(PROGRAM=apache2)(HOST=intranet)(USER=www-data))))

  VERSION INFORMATION:
	TNS for Linux: Version 10.2.0.1.0 - Production
	TCP/IP NT Protocol Adapter for Linux: Version 10.2.0.1.0 - Production
  Time: 26-JUN-2012 08:08:51
  Tracing not turned on.
  Tns error struct:
    ns main err code: 12545
    TNS-12545: Connect failed because target host or object does not exist
    ns secondary err code: 12560
    nt main err code: 515
    TNS-00515: Connect failed because target host or object does not exist
    nt secondary err code: 0


***********************************************************************
Fatal NI connect error 12545, connecting to:
 (DESCRIPTION=(ADDRESS=(PROTOCOL=TCP)(HOST=oracle2-vip)(PORT=1521))(LOAD_BALANCE=yes)(FAILOVER=yes)(CONNECT_DATA=(SERVICE_NAME=HEXA)(FAILOVER_MODE=(TYPE=SELECT)(METHOD=BASIC)(RETRIES=300)(DELAY=2))(CID=(PROGRAM=apache2)(HOST=intranet)(USER=www-data))))

  VERSION INFORMATION:
	TNS for Linux: Version 10.2.0.1.0 - Production
	TCP/IP NT Protocol Adapter for Linux: Version 10.2.0.1.0 - Production
  Time: 26-JUN-2012 08:09:00
  Tracing not turned on.
  Tns error struct:
    ns main err code: 12545
    TNS-12545: Connect failed because target host or object does not exist
    ns secondary err code: 12560
    nt main err code: 515
    TNS-00515: Connect failed because target host or object does not exist
    nt secondary err code: 0
    nt OS err code: 0


***********************************************************************
Fatal NI connect error 12545, connecting to:
 (DESCRIPTION=(ADDRESS=(PROTOCOL=TCP)(HOST=oracle2-vip)(PORT=1521))(LOAD_BALANCE=yes)(FAILOVER=yes)(CONNECT_DATA=(SERVICE_NAME=HEXA)(FAILOVER_MODE=(TYPE=SELECT)(METHOD=BASIC)(RETRIES=300)(DELAY=2))(CID=(PROGRAM=apache2)(HOST=intranet)(USER=www-data))))

  VERSION INFORMATION:
	TNS for Linux: Version 10.2.0.1.0 - Production
	TCP/IP NT Protocol Adapter for Linux: Version 10.2.0.1.0 - Production
  Time: 26-JUN-2012 08:09:03
  Tracing not turned on.
  Tns error struct:
    ns main err code: 12545
    TNS-12545: Connect failed because target host or object does not exist
    ns secondary err code: 12560
    nt main err code: 515
    TNS-00515: Connect failed because target host or object does not exist
    nt secondary err code: 0
    nt OS err code: 0


***********************************************************************
Fatal NI connect error 12545, connecting to:
 (DESCRIPTION=(ADDRESS=(PROTOCOL=TCP)(HOST=oracle1-vip)(PORT=1521))(LOAD_BALANCE=yes)(FAILOVER=yes)(CONNECT_DATA=(SERVICE_NAME=HEXA)(FAILOVER_MODE=(TYPE=SELECT)(METHOD=BASIC)(RETRIES=300)(DELAY=2))(CID=(PROGRAM=apache2)(HOST=intranet)(USER=www-data))))

  VERSION INFORMATION:
	TNS for Linux: Version 10.2.0.1.0 - Production
	TCP/IP NT Protocol Adapter for Linux: Version 10.2.0.1.0 - Production
  Time: 26-JUN-2012 08:09:06
  Tracing not turned on.
  Tns error struct:
    ns main err code: 12545
    TNS-12545: Connect failed because target host or object does not exist
    ns secondary err code: 12560
    nt main err code: 515
    TNS-00515: Connect failed because target host or object does not exist
    nt secondary err code: 0
    nt OS err code: 0


***********************************************************************
Fatal NI connect error 12545, connecting to:
 (DESCRIPTION=(ADDRESS=(PROTOCOL=TCP)(HOST=oracle2-vip)(PORT=1521))(LOAD_BALANCE=yes)(FAILOVER=yes)(CONNECT_DATA=(SERVICE_NAME=HEXA)(FAILOVER_MODE=(TYPE=SELECT)(METHOD=BASIC)(RETRIES=300)(DELAY=2))(CID=(PROGRAM=apache2)(HOST=intranet)(USER=www-data))))

  VERSION INFORMATION:
	TNS for Linux: Version 10.2.0.1.0 - Production
	TCP/IP NT Protocol Adapter for Linux: Version 10.2.0.1.0 - Production
  Time: 26-JUN-2012 08:09:09
  Tracing not turned on.
  Tns error struct:
    ns main err code: 12545
    TNS-12545: Connect failed because target host or object does not exist
    ns secondary err code: 12560
    nt main err code: 515
    TNS-00515: Connect failed because target host or object does not exist
    nt secondary err code: 0
    nt OS err code: 0


***********************************************************************
Fatal NI connect error 12545, connecting to:
 (DESCRIPTION=(ADDRESS=(PROTOCOL=TCP)(HOST=oracle1-vip)(PORT=1521))(LOAD_BALANCE=yes)(FAILOVER=yes)(CONNECT_DATA=(SERVICE_NAME=HEXA)(FAILOVER_MODE=(TYPE=SELECT)(METHOD=BASIC)(RETRIES=300)(DELAY=2))(CID=(PROGRAM=apache2)(HOST=intranet)(USER=www-data))))

  VERSION INFORMATION:
	TNS for Linux: Version 10.2.0.1.0 - Production
	TCP/IP NT Protocol Adapter for Linux: Version 10.2.0.1.0 - Production
  Time: 26-JUN-2012 08:09:12
  Tracing not turned on.
  Tns error struct:
    ns main err code: 12545
    TNS-12545: Connect failed because target host or object does not exist
    ns secondary err code: 12560
    nt main err code: 515
    TNS-00515: Connect failed because target host or object does not exist
    nt secondary err code: 0
    nt OS err code: 0


***********************************************************************
Fatal NI connect error 12545, connecting to:
 (DESCRIPTION=(ADDRESS=(PROTOCOL=TCP)(HOST=oracle2-vip)(PORT=1521))(LOAD_BALANCE=yes)(FAILOVER=yes)(CONNECT_DATA=(SERVICE_NAME=HEXA)(FAILOVER_MODE=(TYPE=SELECT)(METHOD=BASIC)(RETRIES=300)(DELAY=2))(CID=(PROGRAM=apache2)(HOST=intranet)(USER=www-data))))

  VERSION INFORMATION:
	TNS for Linux: Version 10.2.0.1.0 - Production
	TCP/IP NT Protocol Adapter for Linux: Version 10.2.0.1.0 - Production
  Time: 26-JUN-2012 08:09:15
  Tracing not turned on.
  Tns error struct:
    ns main err code: 12545
    TNS-12545: Connect failed because target host or object does not exist
    ns secondary err code: 12560
    nt main err code: 515
    TNS-00515: Connect failed because target host or object does not exist
    nt secondary err code: 0
    nt OS err code: 0


***********************************************************************
Fatal NI connect error 12545, connecting to:
 (DESCRIPTION=(ADDRESS=(PROTOCOL=TCP)(HOST=oracle2-vip)(PORT=1521))(LOAD_BALANCE=yes)(FAILOVER=yes)(CONNECT_DATA=(SERVICE_NAME=HEXA)(FAILOVER_MODE=(TYPE=SELECT)(METHOD=BASIC)(RETRIES=300)(DELAY=2))(CID=(PROGRAM=apache2)(HOST=intranet)(USER=www-data))))

  VERSION INFORMATION:
	TNS for Linux: Version 10.2.0.1.0 - Production
	TCP/IP NT Protocol Adapter for Linux: Version 10.2.0.1.0 - Production
  Time: 26-JUN-2012 08:09:17
  Tracing not turned on.
  Tns error struct:
    ns main err code: 12545
    TNS-12545: Connect failed because target host or object does not exist
    ns secondary err code: 12560
    nt main err code: 515
    TNS-00515: Connect failed because target host or object does not exist
    nt secondary err code: 0
    nt OS err code: 0


***********************************************************************
Fatal NI connect error 12545, connecting to:
 (DESCRIPTION=(ADDRESS=(PROTOCOL=TCP)(HOST=oracle2-vip)(PORT=1521))(LOAD_BALANCE=yes)(FAILOVER=yes)(CONNECT_DATA=(SERVICE_NAME=HEXA)(FAILOVER_MODE=(TYPE=SELECT)(METHOD=BASIC)(RETRIES=300)(DELAY=2))(CID=(PROGRAM=apache2)(HOST=intranet)(USER=www-data))))

  VERSION INFORMATION:
	TNS for Linux: Version 10.2.0.1.0 - Production
	TCP/IP NT Protocol Adapter for Linux: Version 10.2.0.1.0 - Production
  Time: 26-JUN-2012 08:09:23
  Tracing not turned on.
  Tns error struct:
    ns main err code: 12545
    TNS-12545: Connect failed because target host or object does not exist
    ns secondary err code: 12560
    nt main err code: 515
    TNS-00515: Connect failed because target host or object does not exist
    nt secondary err code: 0
    nt OS err code: 0


***********************************************************************
Fatal NI connect error 12545, connecting to:
 (DESCRIPTION=(ADDRESS=(PROTOCOL=TCP)(HOST=oracle2-vip)(PORT=1521))(LOAD_BALANCE=yes)(FAILOVER=yes)(CONNECT_DATA=(SERVICE_NAME=HEXA)(FAILOVER_MODE=(TYPE=SELECT)(METHOD=BASIC)(RETRIES=300)(DELAY=2))(CID=(PROGRAM=apache2)(HOST=intranet)(USER=www-data))))

  VERSION INFORMATION:
	TNS for Linux: Version 10.2.0.1.0 - Production
	TCP/IP NT Protocol Adapter for Linux: Version 10.2.0.1.0 - Production
  Time: 26-JUN-2012 08:09:29
  Tracing not turned on.
  Tns error struct:
    ns main err code: 12545
    TNS-12545: Connect failed because target host or object does not exist
    ns secondary err code: 12560
    nt main err code: 515
    TNS-00515: Connect failed because target host or object does not exist
    nt secondary err code: 0
    nt OS err code: 0


***********************************************************************
Fatal NI connect error 12545, connecting to:
 (DESCRIPTION=(ADDRESS=(PROTOCOL=TCP)(HOST=oracle2-vip)(PORT=1521))(LOAD_BALANCE=yes)(FAILOVER=yes)(CONNECT_DATA=(SERVICE_NAME=HEXA)(FAILOVER_MODE=(TYPE=SELECT)(METHOD=BASIC)(RETRIES=300)(DELAY=2))(CID=(PROGRAM=apache2)(HOST=intranet)(USER=www-data))))

  VERSION INFORMATION:
	TNS for Linux: Version 10.2.0.1.0 - Production
	TCP/IP NT Protocol Adapter for Linux: Version 10.2.0.1.0 - Production
  Time: 26-JUN-2012 08:09:35
  Tracing not turned on.
  Tns error struct:
    ns main err code: 12545
    TNS-12545: Connect failed because target host or object does not exist
    ns secondary err code: 12560
    nt main err code: 515
    TNS-00515: Connect failed because target host or object does not exist
    nt secondary err code: 0
    nt OS err code: 0


***********************************************************************
Fatal NI connect error 12545, connecting to:
 (DESCRIPTION=(ADDRESS=(PROTOCOL=TCP)(HOST=oracle2-vip)(PORT=1521))(LOAD_BALANCE=yes)(FAILOVER=yes)(CONNECT_DATA=(SERVICE_NAME=HEXA)(FAILOVER_MODE=(TYPE=SELECT)(METHOD=BASIC)(RETRIES=300)(DELAY=2))(CID=(PROGRAM=apache2)(HOST=intranet)(USER=www-data))))

  VERSION INFORMATION:
	TNS for Linux: Version 10.2.0.1.0 - Production
	TCP/IP NT Protocol Adapter for Linux: Version 10.2.0.1.0 - Production
  Time: 26-JUN-2012 08:09:45
  Tracing not turned on.
  Tns error struct:
    ns main err code: 12545
    TNS-12545: Connect failed because target host or object does not exist
    ns secondary err code: 12560
    nt main err code: 515
    TNS-00515: Connect failed because target host or object does not exist
    nt secondary err code: 0
    nt OS err code: 0


***********************************************************************
Fatal NI connect error 12545, connecting to:
 (DESCRIPTION=(ADDRESS=(PROTOCOL=TCP)(HOST=oracle1-vip)(PORT=1521))(LOAD_BALANCE=yes)(FAILOVER=yes)(CONNECT_DATA=(SERVICE_NAME=HEXA)(FAILOVER_MODE=(TYPE=SELECT)(METHOD=BASIC)(RETRIES=300)(DELAY=2))(CID=(PROGRAM=apache2)(HOST=intranet)(USER=www-data))))

  VERSION INFORMATION:
	TNS for Linux: Version 10.2.0.1.0 - Production
	TCP/IP NT Protocol Adapter for Linux: Version 10.2.0.1.0 - Production
  Time: 26-JUN-2012 08:09:51
  Tracing not turned on.
  Tns error struct:
    ns main err code: 12545
    TNS-12545: Connect failed because target host or object does not exist
    ns secondary err code: 12560
    nt main err code: 515
    TNS-00515: Connect failed because target host or object does not exist
    nt secondary err code: 0
    nt OS err code: 0


***********************************************************************
Fatal NI connect error 12545, connecting to:
 (DESCRIPTION=(ADDRESS=(PROTOCOL=TCP)(HOST=oracle1-vip)(PORT=1521))(LOAD_BALANCE=yes)(FAILOVER=yes)(CONNECT_DATA=(SERVICE_NAME=HEXA)(FAILOVER_MODE=(TYPE=SELECT)(METHOD=BASIC)(RETRIES=300)(DELAY=2))(CID=(PROGRAM=apache2)(HOST=intranet)(USER=www-data))))

  VERSION INFORMATION:
	TNS for Linux: Version 10.2.0.1.0 - Production
	TCP/IP NT Protocol Adapter for Linux: Version 10.2.0.1.0 - Production
  Time: 26-JUN-2012 08:09:57
  Tracing not turned on.
  Tns error struct:
    ns main err code: 12545
    TNS-12545: Connect failed because target host or object does not exist
    ns secondary err code: 12560
    nt main err code: 515
    TNS-00515: Connect failed because target host or object does not exist
    nt secondary err code: 0
    nt OS err code: 0


***********************************************************************
Fatal NI connect error 12545, connecting to:
 (DESCRIPTION=(ADDRESS=(PROTOCOL=TCP)(HOST=oracle2-vip)(PORT=1521))(LOAD_BALANCE=yes)(FAILOVER=yes)(CONNECT_DATA=(SERVICE_NAME=HEXA)(FAILOVER_MODE=(TYPE=SELECT)(METHOD=BASIC)(RETRIES=300)(DELAY=2))(CID=(PROGRAM=apache2)(HOST=intranet)(USER=www-data))))

  VERSION INFORMATION:
	TNS for Linux: Version 10.2.0.1.0 - Production
	TCP/IP NT Protocol Adapter for Linux: Version 10.2.0.1.0 - Production
  Time: 26-JUN-2012 08:10:33
  Tracing not turned on.
  Tns error struct:
    ns main err code: 12545
    TNS-12545: Connect failed because target host or object does not exist
    ns secondary err code: 12560
    nt main err code: 515
    TNS-00515: Connect failed because target host or object does not exist
    nt secondary err code: 0
    nt OS err code: 0


***********************************************************************
Fatal NI connect error 12545, connecting to:
 (DESCRIPTION=(ADDRESS=(PROTOCOL=TCP)(HOST=oracle1-vip)(PORT=1521))(LOAD_BALANCE=yes)(FAILOVER=yes)(CONNECT_DATA=(SERVICE_NAME=HEXA)(FAILOVER_MODE=(TYPE=SELECT)(METHOD=BASIC)(RETRIES=300)(DELAY=2))(CID=(PROGRAM=apache2)(HOST=intranet)(USER=www-data))))

  VERSION INFORMATION:
	TNS for Linux: Version 10.2.0.1.0 - Production
	TCP/IP NT Protocol Adapter for Linux: Version 10.2.0.1.0 - Production
  Time: 26-JUN-2012 08:10:39
  Tracing not turned on.
  Tns error struct:
    ns main err code: 12545
    TNS-12545: Connect failed because target host or object does not exist
    ns secondary err code: 12560
    nt main err code: 515
    TNS-00515: Connect failed because target host or object does not exist
    nt secondary err code: 0
    nt OS err code: 0


***********************************************************************
Fatal NI connect error 12545, connecting to:
 (DESCRIPTION=(ADDRESS=(PROTOCOL=TCP)(HOST=oracle1-vip)(PORT=1521))(LOAD_BALANCE=yes)(FAILOVER=yes)(CONNECT_DATA=(SERVICE_NAME=HEXA)(FAILOVER_MODE=(TYPE=SELECT)(METHOD=BASIC)(RETRIES=300)(DELAY=2))(CID=(PROGRAM=apache2)(HOST=intranet)(USER=www-data))))

  VERSION INFORMATION:
	TNS for Linux: Version 10.2.0.1.0 - Production
	TCP/IP NT Protocol Adapter for Linux: Version 10.2.0.1.0 - Production
  Time: 26-JUN-2012 08:10:45
  Tracing not turned on.
  Tns error struct:
    ns main err code: 12545
    TNS-12545: Connect failed because target host or object does not exist
    ns secondary err code: 12560
    nt main err code: 515
    TNS-00515: Connect failed because target host or object does not exist
    nt secondary err code: 0


***********************************************************************
Fatal NI connect error 12545, connecting to:
 (DESCRIPTION=(ADDRESS=(PROTOCOL=TCP)(HOST=oracle1-vip)(PORT=1521))(LOAD_BALANCE=yes)(FAILOVER=yes)(CONNECT_DATA=(SERVICE_NAME=HEXA)(FAILOVER_MODE=(TYPE=SELECT)(METHOD=BASIC)(RETRIES=300)(DELAY=2))(CID=(PROGRAM=apache2)(HOST=intranet)(USER=www-data))))

  VERSION INFORMATION:
	TNS for Linux: Version 10.2.0.1.0 - Production
	TCP/IP NT Protocol Adapter for Linux: Version 10.2.0.1.0 - Production
  Time: 26-JUN-2012 08:10:51
  Tracing not turned on.
  Tns error struct:
    ns main err code: 12545
    TNS-12545: Connect failed because target host or object does not exist
    ns secondary err code: 12560
    nt main err code: 515
    TNS-00515: Connect failed because target host or object does not exist
    nt secondary err code: 0
    nt OS err code: 0


***********************************************************************
Fatal NI connect error 12545, connecting to:
 (DESCRIPTION=(ADDRESS=(PROTOCOL=TCP)(HOST=oracle2-vip)(PORT=1521))(LOAD_BALANCE=yes)(FAILOVER=yes)(CONNECT_DATA=(SERVICE_NAME=HEXA)(FAILOVER_MODE=(TYPE=SELECT)(METHOD=BASIC)(RETRIES=300)(DELAY=2))(CID=(PROGRAM=apache2)(HOST=intranet)(USER=www-data))))

  VERSION INFORMATION:
	TNS for Linux: Version 10.2.0.1.0 - Production
	TCP/IP NT Protocol Adapter for Linux: Version 10.2.0.1.0 - Production
  Time: 26-JUN-2012 08:10:57
  Tracing not turned on.
  Tns error struct:
    ns main err code: 12545
    TNS-12545: Connect failed because target host or object does not exist
    ns secondary err code: 12560
    nt main err code: 515
    TNS-00515: Connect failed because target host or object does not exist
    nt secondary err code: 0
    nt OS err code: 0


***********************************************************************
Fatal NI connect error 12545, connecting to:
 (DESCRIPTION=(ADDRESS=(PROTOCOL=TCP)(HOST=oracle1-vip)(PORT=1521))(LOAD_BALANCE=yes)(FAILOVER=yes)(CONNECT_DATA=(SERVICE_NAME=HEXA)(FAILOVER_MODE=(TYPE=SELECT)(METHOD=BASIC)(RETRIES=300)(DELAY=2))(CID=(PROGRAM=apache2)(HOST=intranet)(USER=www-data))))

  VERSION INFORMATION:
	TNS for Linux: Version 10.2.0.1.0 - Production
	TCP/IP NT Protocol Adapter for Linux: Version 10.2.0.1.0 - Production
  Time: 26-JUN-2012 08:11:03
  Tracing not turned on.
  Tns error struct:
    ns main err code: 12545
    TNS-12545: Connect failed because target host or object does not exist
    ns secondary err code: 12560
    nt main err code: 515
    TNS-00515: Connect failed because target host or object does not exist
    nt secondary err code: 0
    nt OS err code: 0


***********************************************************************
Fatal NI connect error 12545, connecting to:
 (DESCRIPTION=(ADDRESS=(PROTOCOL=TCP)(HOST=oracle2-vip)(PORT=1521))(LOAD_BALANCE=yes)(FAILOVER=yes)(CONNECT_DATA=(SERVICE_NAME=HEXA)(FAILOVER_MODE=(TYPE=SELECT)(METHOD=BASIC)(RETRIES=300)(DELAY=2))(CID=(PROGRAM=apache2)(HOST=intranet)(USER=www-data))))

  VERSION INFORMATION:
	TNS for Linux: Version 10.2.0.1.0 - Production
	TCP/IP NT Protocol Adapter for Linux: Version 10.2.0.1.0 - Production
  Time: 26-JUN-2012 08:11:22
  Tracing not turned on.
  Tns error struct:
    ns main err code: 12545
    TNS-12545: Connect failed because target host or object does not exist
    ns secondary err code: 12560
    nt main err code: 515
    TNS-00515: Connect failed because target host or object does not exist
    nt secondary err code: 0
    nt OS err code: 0


***********************************************************************
Fatal NI connect error 12545, connecting to:
 (DESCRIPTION=(ADDRESS=(PROTOCOL=TCP)(HOST=oracle1-vip)(PORT=1521))(LOAD_BALANCE=yes)(FAILOVER=yes)(CONNECT_DATA=(SERVICE_NAME=HEXA)(FAILOVER_MODE=(TYPE=SELECT)(METHOD=BASIC)(RETRIES=300)(DELAY=2))(CID=(PROGRAM=apache2)(HOST=intranet)(USER=www-data))))

  VERSION INFORMATION:
	TNS for Linux: Version 10.2.0.1.0 - Production
	TCP/IP NT Protocol Adapter for Linux: Version 10.2.0.1.0 - Production
  Time: 26-JUN-2012 08:11:28
  Tracing not turned on.
  Tns error struct:
    ns main err code: 12545
    TNS-12545: Connect failed because target host or object does not exist
    ns secondary err code: 12560
    nt main err code: 515
    TNS-00515: Connect failed because target host or object does not exist
    nt secondary err code: 0
    nt OS err code: 0


***********************************************************************
Fatal NI connect error 12545, connecting to:
 (DESCRIPTION=(ADDRESS=(PROTOCOL=TCP)(HOST=oracle2-vip)(PORT=1521))(LOAD_BALANCE=yes)(FAILOVER=yes)(CONNECT_DATA=(SERVICE_NAME=HEXA)(FAILOVER_MODE=(TYPE=SELECT)(METHOD=BASIC)(RETRIES=300)(DELAY=2))(CID=(PROGRAM=apache2)(HOST=intranet)(USER=www-data))))

  VERSION INFORMATION:
	TNS for Linux: Version 10.2.0.1.0 - Production
	TCP/IP NT Protocol Adapter for Linux: Version 10.2.0.1.0 - Production
  Time: 26-JUN-2012 08:11:34
  Tracing not turned on.
  Tns error struct:
    ns main err code: 12545
    TNS-12545: Connect failed because target host or object does not exist
    ns secondary err code: 12560
    nt main err code: 515
    TNS-00515: Connect failed because target host or object does not exist
    nt secondary err code: 0
    nt OS err code: 0


***********************************************************************
Fatal NI connect error 12545, connecting to:
 (DESCRIPTION=(ADDRESS=(PROTOCOL=TCP)(HOST=oracle2-vip)(PORT=1521))(LOAD_BALANCE=yes)(FAILOVER=yes)(CONNECT_DATA=(SERVICE_NAME=HEXA)(FAILOVER_MODE=(TYPE=SELECT)(METHOD=BASIC)(RETRIES=300)(DELAY=2))(CID=(PROGRAM=apache2)(HOST=intranet)(USER=www-data))))

  VERSION INFORMATION:
	TNS for Linux: Version 10.2.0.1.0 - Production
	TCP/IP NT Protocol Adapter for Linux: Version 10.2.0.1.0 - Production
  Time: 26-JUN-2012 08:11:40
  Tracing not turned on.
  Tns error struct:
    ns main err code: 12545
    TNS-12545: Connect failed because target host or object does not exist
    ns secondary err code: 12560
    nt main err code: 515
    TNS-00515: Connect failed because target host or object does not exist
    nt secondary err code: 0
    nt OS err code: 0


***********************************************************************
Fatal NI connect error 12545, connecting to:
 (DESCRIPTION=(ADDRESS=(PROTOCOL=TCP)(HOST=oracle1-vip)(PORT=1521))(LOAD_BALANCE=yes)(FAILOVER=yes)(CONNECT_DATA=(SERVICE_NAME=HEXA)(FAILOVER_MODE=(TYPE=SELECT)(METHOD=BASIC)(RETRIES=300)(DELAY=2))(CID=(PROGRAM=apache2)(HOST=intranet)(USER=www-data))))

  VERSION INFORMATION:
	TNS for Linux: Version 10.2.0.1.0 - Production
	TCP/IP NT Protocol Adapter for Linux: Version 10.2.0.1.0 - Production
  Time: 26-JUN-2012 08:11:42
  Tracing not turned on.
  Tns error struct:
    ns main err code: 12545
    TNS-12545: Connect failed because target host or object does not exist
    ns secondary err code: 12560
    nt main err code: 515
    TNS-00515: Connect failed because target host or object does not exist
    nt secondary err code: 0
    nt OS err code: 0


***********************************************************************
Fatal NI connect error 12545, connecting to:
 (DESCRIPTION=(ADDRESS=(PROTOCOL=TCP)(HOST=oracle1-vip)(PORT=1521))(LOAD_BALANCE=yes)(FAILOVER=yes)(CONNECT_DATA=(SERVICE_NAME=HEXA)(FAILOVER_MODE=(TYPE=SELECT)(METHOD=BASIC)(RETRIES=300)(DELAY=2))(CID=(PROGRAM=apache2)(HOST=intranet)(USER=www-data))))

  VERSION INFORMATION:
	TNS for Linux: Version 10.2.0.1.0 - Production
	TCP/IP NT Protocol Adapter for Linux: Version 10.2.0.1.0 - Production
  Time: 26-JUN-2012 08:11:42
  Tracing not turned on.
  Tns error struct:
    ns main err code: 12545
    TNS-12545: Connect failed because target host or object does not exist
    ns secondary err code: 12560
    nt main err code: 515
    TNS-00515: Connect failed because target host or object does not exist
    nt secondary err code: 0
    nt OS err code: 0


***********************************************************************
Fatal NI connect error 12545, connecting to:
 (DESCRIPTION=(ADDRESS=(PROTOCOL=TCP)(HOST=oracle1-vip)(PORT=1521))(LOAD_BALANCE=yes)(FAILOVER=yes)(CONNECT_DATA=(SERVICE_NAME=HEXA)(FAILOVER_MODE=(TYPE=SELECT)(METHOD=BASIC)(RETRIES=300)(DELAY=2))(CID=(PROGRAM=apache2)(HOST=intranet)(USER=www-data))))

  VERSION INFORMATION:
	TNS for Linux: Version 10.2.0.1.0 - Production
	TCP/IP NT Protocol Adapter for Linux: Version 10.2.0.1.0 - Production
  Time: 26-JUN-2012 08:11:48
  Tracing not turned on.
  Tns error struct:
    ns main err code: 12545
    TNS-12545: Connect failed because target host or object does not exist
    ns secondary err code: 12560
    nt main err code: 515
    TNS-00515: Connect failed because target host or object does not exist
    nt secondary err code: 0
    nt OS err code: 0


***********************************************************************
Fatal NI connect error 12545, connecting to:
 (DESCRIPTION=(ADDRESS=(PROTOCOL=TCP)(HOST=oracle1-vip)(PORT=1521))(LOAD_BALANCE=yes)(FAILOVER=yes)(CONNECT_DATA=(SERVICE_NAME=HEXA)(FAILOVER_MODE=(TYPE=SELECT)(METHOD=BASIC)(RETRIES=300)(DELAY=2))(CID=(PROGRAM=apache2)(HOST=intranet)(USER=www-data))))

  VERSION INFORMATION:
	TNS for Linux: Version 10.2.0.1.0 - Production
	TCP/IP NT Protocol Adapter for Linux: Version 10.2.0.1.0 - Production
  Time: 26-JUN-2012 08:11:48
  Tracing not turned on.
  Tns error struct:
    ns main err code: 12545
    TNS-12545: Connect failed because target host or object does not exist
    ns secondary err code: 12560
    nt main err code: 515
    TNS-00515: Connect failed because target host or object does not exist
    nt secondary err code: 0
    nt OS err code: 0


***********************************************************************
Fatal NI connect error 12545, connecting to:
 (DESCRIPTION=(ADDRESS=(PROTOCOL=TCP)(HOST=oracle1-vip)(PORT=1521))(LOAD_BALANCE=yes)(FAILOVER=yes)(CONNECT_DATA=(SERVICE_NAME=HEXA)(FAILOVER_MODE=(TYPE=SELECT)(METHOD=BASIC)(RETRIES=300)(DELAY=2))(CID=(PROGRAM=apache2)(HOST=intranet)(USER=www-data))))

  VERSION INFORMATION:
	TNS for Linux: Version 10.2.0.1.0 - Production
	TCP/IP NT Protocol Adapter for Linux: Version 10.2.0.1.0 - Production
  Time: 26-JUN-2012 08:11:54
  Tracing not turned on.
  Tns error struct:
    ns main err code: 12545
    TNS-12545: Connect failed because target host or object does not exist
    ns secondary err code: 12560
    nt main err code: 515
    TNS-00515: Connect failed because target host or object does not exist
    nt secondary err code: 0
    nt OS err code: 0


***********************************************************************
Fatal NI connect error 12545, connecting to:
 (DESCRIPTION=(ADDRESS=(PROTOCOL=TCP)(HOST=oracle2-vip)(PORT=1521))(LOAD_BALANCE=yes)(FAILOVER=yes)(CONNECT_DATA=(SERVICE_NAME=HEXA)(FAILOVER_MODE=(TYPE=SELECT)(METHOD=BASIC)(RETRIES=300)(DELAY=2))(CID=(PROGRAM=apache2)(HOST=intranet)(USER=www-data))))

  VERSION INFORMATION:
	TNS for Linux: Version 10.2.0.1.0 - Production
	TCP/IP NT Protocol Adapter for Linux: Version 10.2.0.1.0 - Production
  Time: 26-JUN-2012 08:11:54
  Tracing not turned on.
  Tns error struct:
    ns main err code: 12545
    TNS-12545: Connect failed because target host or object does not exist
    ns secondary err code: 12560
    nt main err code: 515
    TNS-00515: Connect failed because target host or object does not exist
    nt secondary err code: 0
    nt OS err code: 0
    nt OS err code: 0
    nt OS err code: 0
    nt OS err code: 0
    nt OS err code: 0
    nt OS err code: 0
    nt OS err code: 0


***********************************************************************
Fatal NI connect error 12514, connecting to:
 (DESCRIPTION=(ADDRESS=(PROTOCOL=TCP)(HOST=dxcareprod.chcahors)(PORT=1521))(CONNECT_DATA=(SERVICE_NAME=SOINS)(CID=(PROGRAM=apache2)(HOST=intranet)(USER=www-data))))

  VERSION INFORMATION:
	TNS for Linux: Version 10.2.0.1.0 - Production
	TCP/IP NT Protocol Adapter for Linux: Version 10.2.0.1.0 - Production
  Time: 27-SEP-2012 08:12:58
  Tracing not turned on.
  Tns error struct:
    ns main err code: 12564
    TNS-12564: TNS:connection refused
    ns secondary err code: 0
    nt main err code: 0
    nt secondary err code: 0
    nt OS err code: 0


***********************************************************************
Fatal NI connect error 12514, connecting to:
 (DESCRIPTION=(ADDRESS=(PROTOCOL=TCP)(HOST=dxcareprod.chcahors)(PORT=1521))(CONNECT_DATA=(SERVICE_NAME=SOINS)(CID=(PROGRAM=apache2)(HOST=intranet)(USER=www-data))))

  VERSION INFORMATION:
	TNS for Linux: Version 10.2.0.1.0 - Production
	TCP/IP NT Protocol Adapter for Linux: Version 10.2.0.1.0 - Production
  Time: 27-SEP-2012 08:47:18
  Tracing not turned on.
  Tns error struct:
    ns main err code: 12564
    TNS-12564: TNS:connection refused
    ns secondary err code: 0
    nt main err code: 0
    nt secondary err code: 0
    nt OS err code: 0


***********************************************************************
Fatal NI connect error 12170.

  VERSION INFORMATION:
	TNS for Linux: Version 10.2.0.1.0 - Production
	TCP/IP NT Protocol Adapter for Linux: Version 10.2.0.1.0 - Production
  Time: 03-JAN-2013 10:34:38
  Tracing not turned on.
  Tns error struct:
    ns main err code: 12535
    TNS-12535: TNS:operation timed out
    ns secondary err code: 12560
    nt main err code: 505
    TNS-00505: Operation timed out
    nt secondary err code: 110
    nt OS err code: 0


***********************************************************************
Fatal NI connect error 12170.

  VERSION INFORMATION:
	TNS for Linux: Version 10.2.0.1.0 - Production
	TCP/IP NT Protocol Adapter for Linux: Version 10.2.0.1.0 - Production
  Time: 03-JAN-2013 10:35:05
  Tracing not turned on.
  Tns error struct:
    ns main err code: 12535
    TNS-12535: TNS:operation timed out
    ns secondary err code: 12560
    nt main err code: 505
    TNS-00505: Operation timed out
    nt secondary err code: 110
    nt OS err code: 0
  Client address: <unknown>
  Client address: <unknown>


***********************************************************************
Fatal NI connect error 12170.

  VERSION INFORMATION:
	TNS for Linux: Version 10.2.0.1.0 - Production
	TCP/IP NT Protocol Adapter for Linux: Version 10.2.0.1.0 - Production
  Time: 12-DEC-2013 09:34:15
  Tracing not turned on.
  Tns error struct:
    ns main err code: 12535
    TNS-12535: TNS:operation timed out
    ns secondary err code: 12560
    nt main err code: 505
    TNS-00505: Operation timed out
    nt secondary err code: 110
    nt OS err code: 0
  Client address: <unknown>


***********************************************************************
Fatal NI connect error 12541, connecting to:
 (DESCRIPTION=(ADDRESS=(PROTOCOL=TCP)(HOST=10.10.1.111)(PORT=1521))(LOAD_BALANCE=yes)(FAILOVER=yes)(CONNECT_DATA=(SERVICE_NAME=HEXA)(FAILOVER_MODE=(TYPE=SELECT)(METHOD=BASIC)(RETRIES=300)(DELAY=2))(CID=(PROGRAM=apache2)(HOST=intranet)(USER=www-data))))

  VERSION INFORMATION:
	TNS for Linux: Version 10.2.0.1.0 - Production
	TCP/IP NT Protocol Adapter for Linux: Version 10.2.0.1.0 - Production
  Time: 02-APR-2014 14:48:21
  Tracing not turned on.
  Tns error struct:
    ns main err code: 12541
    TNS-12541: TNS:no listener
    ns secondary err code: 12560
    nt main err code: 511
    TNS-00511: No listener
    nt secondary err code: 111
    nt OS err code: 0


***********************************************************************
Fatal NI connect error 12541, connecting to:
 (DESCRIPTION=(ADDRESS=(PROTOCOL=TCP)(HOST=10.10.1.112)(PORT=1521))(LOAD_BALANCE=yes)(FAILOVER=yes)(CONNECT_DATA=(SERVICE_NAME=HEXA)(FAILOVER_MODE=(TYPE=SELECT)(METHOD=BASIC)(RETRIES=300)(DELAY=2))(CID=(PROGRAM=apache2)(HOST=intranet)(USER=www-data))))

  VERSION INFORMATION:
	TNS for Linux: Version 10.2.0.1.0 - Production
	TCP/IP NT Protocol Adapter for Linux: Version 10.2.0.1.0 - Production
  Time: 02-APR-2014 14:48:21
  Tracing not turned on.
  Tns error struct:
    ns main err code: 12541
    TNS-12541: TNS:no listener
    ns secondary err code: 12560
    nt main err code: 511
    TNS-00511: No listener
    nt secondary err code: 111
    nt OS err code: 0


***********************************************************************
Fatal NI connect error 12170.

  VERSION INFORMATION:
	TNS for Linux: Version 10.2.0.1.0 - Production
	TCP/IP NT Protocol Adapter for Linux: Version 10.2.0.1.0 - Production
  Time: 02-APR-2014 14:49:17
  Tracing not turned on.
  Tns error struct:
    ns main err code: 12535
    TNS-12535: TNS:operation timed out
    ns secondary err code: 12560
    nt main err code: 505
    TNS-00505: Operation timed out
    nt secondary err code: 110
    nt OS err code: 0
  Client address: <unknown>


***********************************************************************
Fatal NI connect error 12170.

  VERSION INFORMATION:
	TNS for Linux: Version 10.2.0.1.0 - Production
	TCP/IP NT Protocol Adapter for Linux: Version 10.2.0.1.0 - Production
  Time: 02-APR-2014 14:49:59
  Tracing not turned on.
  Tns error struct:
    ns main err code: 12535
    TNS-12535: TNS:operation timed out
    ns secondary err code: 12560
    nt main err code: 505
    TNS-00505: Operation timed out
    nt secondary err code: 110
    nt OS err code: 0


***********************************************************************
Fatal NI connect error 12170.

  VERSION INFORMATION:
	TNS for Linux: Version 10.2.0.1.0 - Production
	TCP/IP NT Protocol Adapter for Linux: Version 10.2.0.1.0 - Production
  Time: 02-APR-2014 14:51:20
  Tracing not turned on.
  Tns error struct:
    ns main err code: 12535
    TNS-12535: TNS:operation timed out
    ns secondary err code: 12560
    nt main err code: 505
    TNS-00505: Operation timed out
    nt secondary err code: 110
    nt OS err code: 0
  Client address: <unknown>
  Client address: <unknown>


***********************************************************************
Fatal NI connect error 12170.

  VERSION INFORMATION:
	TNS for Linux: Version 10.2.0.1.0 - Production
	TCP/IP NT Protocol Adapter for Linux: Version 10.2.0.1.0 - Production
  Time: 02-APR-2014 14:52:02
  Tracing not turned on.
  Tns error struct:
    ns main err code: 12535
    TNS-12535: TNS:operation timed out
    ns secondary err code: 12560
    nt main err code: 505
    TNS-00505: Operation timed out
    nt secondary err code: 110
    nt OS err code: 0
  Client address: <unknown>


***********************************************************************
Fatal NI connect error 12170.

  VERSION INFORMATION:
	TNS for Linux: Version 10.2.0.1.0 - Production
	TCP/IP NT Protocol Adapter for Linux: Version 10.2.0.1.0 - Production
  Time: 02-APR-2014 14:59:09
  Tracing not turned on.
  Tns error struct:
    ns main err code: 12535
    TNS-12535: TNS:operation timed out
    ns secondary err code: 12560
    nt main err code: 505
    TNS-00505: Operation timed out
    nt secondary err code: 110
    nt OS err code: 0


***********************************************************************
Fatal NI connect error 12170.

  VERSION INFORMATION:
	TNS for Linux: Version 10.2.0.1.0 - Production
	TCP/IP NT Protocol Adapter for Linux: Version 10.2.0.1.0 - Production
  Time: 02-APR-2014 14:59:48
  Tracing not turned on.
  Tns error struct:
    ns main err code: 12535
    TNS-12535: TNS:operation timed out
    ns secondary err code: 12560
    nt main err code: 505
    TNS-00505: Operation timed out
    nt secondary err code: 110
    nt OS err code: 0
  Client address: <unknown>


***********************************************************************
Fatal NI connect error 12170.

  VERSION INFORMATION:
	TNS for Linux: Version 10.2.0.1.0 - Production
	TCP/IP NT Protocol Adapter for Linux: Version 10.2.0.1.0 - Production
  Time: 02-APR-2014 14:59:52
  Tracing not turned on.
  Tns error struct:
    ns main err code: 12535
    TNS-12535: TNS:operation timed out
    ns secondary err code: 12560
    nt main err code: 505
    TNS-00505: Operation timed out
    nt secondary err code: 110
    nt OS err code: 0
  Client address: <unknown>


***********************************************************************
Fatal NI connect error 12170.

  VERSION INFORMATION:
	TNS for Linux: Version 10.2.0.1.0 - Production
	TCP/IP NT Protocol Adapter for Linux: Version 10.2.0.1.0 - Production
  Time: 02-APR-2014 15:00:30
  Tracing not turned on.
  Tns error struct:
    ns main err code: 12535
    TNS-12535: TNS:operation timed out
    ns secondary err code: 12560
    nt main err code: 505
    TNS-00505: Operation timed out
    nt secondary err code: 110
    nt OS err code: 0
  Client address: <unknown>


***********************************************************************
Fatal NI connect error 12170.

  VERSION INFORMATION:
	TNS for Linux: Version 10.2.0.1.0 - Production
	TCP/IP NT Protocol Adapter for Linux: Version 10.2.0.1.0 - Production
  Time: 02-APR-2014 15:04:27
  Tracing not turned on.
  Tns error struct:
    ns main err code: 12535
    TNS-12535: TNS:operation timed out
    ns secondary err code: 12560
    nt main err code: 505
    TNS-00505: Operation timed out
    nt secondary err code: 110
    nt OS err code: 0


***********************************************************************
Fatal NI connect error 12170.

  VERSION INFORMATION:
	TNS for Linux: Version 10.2.0.1.0 - Production
	TCP/IP NT Protocol Adapter for Linux: Version 10.2.0.1.0 - Production
  Time: 02-APR-2014 15:04:54
  Tracing not turned on.
  Tns error struct:
    ns main err code: 12535
    TNS-12535: TNS:operation timed out
    ns secondary err code: 12560
    nt main err code: 505
    TNS-00505: Operation timed out
    nt secondary err code: 110
    nt OS err code: 0
  Client address: <unknown>


***********************************************************************
Fatal NI connect error 12170.

  VERSION INFORMATION:
	TNS for Linux: Version 10.2.0.1.0 - Production
	TCP/IP NT Protocol Adapter for Linux: Version 10.2.0.1.0 - Production
  Time: 02-APR-2014 15:05:09
  Tracing not turned on.
  Tns error struct:
    ns main err code: 12535
    TNS-12535: TNS:operation timed out
    ns secondary err code: 12560
    nt main err code: 505
    TNS-00505: Operation timed out
    nt secondary err code: 110
    nt OS err code: 0
  Client address: <unknown>


***********************************************************************
Fatal NI connect error 12170.

  VERSION INFORMATION:
	TNS for Linux: Version 10.2.0.1.0 - Production
	TCP/IP NT Protocol Adapter for Linux: Version 10.2.0.1.0 - Production
  Time: 02-APR-2014 15:05:36
  Tracing not turned on.
  Tns error struct:
    ns main err code: 12535
    TNS-12535: TNS:operation timed out
    ns secondary err code: 12560
    nt main err code: 505
    TNS-00505: Operation timed out
    nt secondary err code: 110
    nt OS err code: 0
  Client address: <unknown>
  Client address: <unknown>
  Client address: <unknown>
